<?xml version="1.0" encoding="UTF-8"?>
<!-- Generated by org.testng.reporters.JUnitReportReporter -->
<testsuite skipped="0" hostname="Hp" name="Practice.Test2" tests="1" failures="0" timestamp="2023-04-03T10:27:59 IST" time="0.007" errors="0">
  <testcase name="Method3" time="0.007" classname="Practice.Test2"/>
  <system-out/>
</testsuite> <!-- Practice.Test2 -->
