<?xml version="1.0" encoding="UTF-8"?>
<!-- Generated by org.testng.reporters.JUnitReportReporter -->
<testsuite skipped="0" hostname="Hp" name="Practice.Test1" tests="2" failures="0" timestamp="2023-04-03T10:27:50 IST" time="0.008" errors="0">
  <testcase name="Method5" time="0.007" classname="Practice.Test1"/>
  <system-out/>
  <testcase name="Method6" time="0.001" classname="Practice.Test1"/>
  <system-out/>
</testsuite> <!-- Practice.Test1 -->
