<?xml version="1.0" encoding="UTF-8"?>
<!-- Generated by org.testng.reporters.JUnitReportReporter -->
<testsuite skipped="0" hostname="Hp" name="Practice.ParameterTest" tests="1" failures="0" timestamp="2023-04-03T10:27:32 IST" time="0.006" errors="0">
  <testcase name="test" time="0.006" classname="Practice.ParameterTest"/>
  <system-out/>
</testsuite> <!-- Practice.ParameterTest -->
